make all --print-data-base --no-builtin-variables --no-builtin-rules --question
# GNU Make 3.81
# Copyright (C) 2006  Free Software Foundation, Inc.
# This is free software; see the source for copying conditions.
# There is NO warranty; not even for MERCHANTABILITY or FITNESS FOR A
# PARTICULAR PURPOSE.

# This program built for i386-apple-darwin11.3.0
 

# Make data base, printed on Thu Aug 12 12:12:45 2021

# Variables

 
# automatic
<D = $(patsubst %/,%,$(dir $<))
# automatic
?F = $(notdir $?)
# makefile (from `Makefile', line 18)
OBJ = *.o
# environment
VSCODE_LOG_NATIVE = false
# automatic
?D = $(patsubst %/,%,$(dir $?))
# automatic
@D = $(patsubst %/,%,$(dir $@))
# automatic
@F = $(notdir $@)
# makefile
CURDIR := /Users/tact/Dev/42Tokyo/Cursus/Cluster&github/2_level/push_swap
# makefile
SHELL = /bin/sh
# makefile (from `Makefile', line 32)
RM = rm -f
# environment
VSCODE_NLS_CONFIG = {"locale":"en-us","availableLanguages":{},"_languagePackSupport":true}
# environment
_ = /usr/bin/make
# makefile (from `Makefile', line 1)
MAKEFILE_LIST :=  Makefile
# environment
VSCODE_VERBOSE_LOGGING = true
# environment
__CFBundleIdentifier = com.microsoft.VSCode
# environment
VSCODE_IPC_HOOK_EXTHOST = /var/folders/2g/3l0xnvcs7hv3_x_91vpnglmh0000gn/T/vscode-ipc-d43ebb97-85f4-44c2-8f85-76b24a969625.sock
# environment
VSCODE_CWD = /
# environment
ANDROID_SDK = /Users/tact/Library/Android/sdk
# environment
PATH = /Users/tact/.pyenv/shims:/Users/tact/.pyenv/bin:/Library/Frameworks/Python.framework/Versions/3.9/bin:/usr/local/bin:/usr/bin:/bin:/usr/sbin:/sbin:/Library/Apple/usr/bin:/Users/tact/Library/Android/sdk/emulator:/Users/tact/Library/Android/sdk/platform-tools
# makefile (from `Makefile', line 20)
BGREEN = \033[1;32m
# environment
LaunchInstanceID = 101AB013-D043-4D0C-AC54-89E26A32E79A
# environment
VSCODE_LOG_STACK = false
# environment
ELECTRON_RUN_AS_NODE = 1
# environment
PYENV_ROOT = /Users/tact/.pyenv
# default
.FEATURES := target-specific order-only second-expansion else-if archives jobserver check-symlink
# environment
SSH_AUTH_SOCK = /private/tmp/com.apple.launchd.u5flQLj1jT/Listeners
# automatic
%F = $(notdir $%)
# environment
VSCODE_PIPE_LOGGING = true
# environment
PWD = /Users/tact/Dev/42Tokyo/Cursus/Cluster&github/2_level/push_swap
# environment
ORIGINAL_XDG_CURRENT_DESKTOP = undefined
# environment
VSCODE_AMD_ENTRYPOINT = vs/workbench/services/extensions/node/extensionHostProcess
# environment
PYENV_SHELL = zsh
# environment
HOME = /Users/tact
# default
MAKEFILEPATH = $(shell /usr/bin/xcode-select -print-path 2>/dev/null || echo /Developer)/Makefiles
# environment
VSCODE_CODE_CACHE_PATH = /Users/tact/Library/Application Support/Code/CachedData/379476f0e13988d90fab105c5c19e7abc8b1dea8
# environment
LOGNAME = tact
# environment
APPLICATION_INSIGHTS_NO_DIAGNOSTIC_CHANNEL = true
# makefile (from `Makefile', line 26)
HEADERS = includes/push_swap.h
# environment
VSCODE_HANDLES_UNCAUGHT_ERRORS = true
# automatic
^D = $(patsubst %/,%,$(dir $^))
# environment
XPC_FLAGS = 0x0
# default
MAKE = $(MAKE_COMMAND)
# default
MAKECMDGOALS := all
# makefile (from `Makefile', line 15)
SRCS = srcs/push_swap.c srcs/error_check.c srcs/node_control.c srcs/command_control.c srcs/sort_stack.c
# environment
SHLVL = 1
# makefile (from `Makefile', line 28)
LIBFT = libft/libft.a
# makefile (from `Makefile', line 30)
CC = gcc
# default
MAKE_VERSION := 3.81
# environment
USER = tact
# makefile
.DEFAULT_GOAL := all
# makefile (from `Makefile', line 13)
NAME = push_swap
# automatic
%D = $(patsubst %/,%,$(dir $%))
# default
MAKE_COMMAND := /Library/Developer/CommandLineTools/usr/bin/make
# default
.VARIABLES := 
# environment
TMPDIR = /var/folders/2g/3l0xnvcs7hv3_x_91vpnglmh0000gn/T/
# automatic
*F = $(notdir $*)
# environment
VSCODE_IPC_HOOK = /Users/tact/Library/Application Support/Code/1.59.0-main.sock
# makefile
MAKEFLAGS = Rrqp
# environment
MFLAGS = -Rrqp
# automatic
*D = $(patsubst %/,%,$(dir $*))
# environment
XPC_SERVICE_NAME = application.com.microsoft.VSCode.50187731.50187737
# automatic
+D = $(patsubst %/,%,$(dir $+))
# makefile (from `Makefile', line 22)
BYELLOW = \033[1;33m
# automatic
+F = $(notdir $+)
# makefile (from `Makefile', line 24)
OFF = \033[1;0m
# environment
__CF_USER_TEXT_ENCODING = 0x1F5:0x0:0x0
# environment
COMMAND_MODE = unix2003
# default
MAKEFILES := 
# environment
VSCODE_BROWSER_CODE_LOADING = bypassHeatCheck
# automatic
<F = $(notdir $<)
# makefile (from `Makefile', line 23)
BWHITE = \033[1;37m
# environment
LC_ALL = C
# environment
SECURITYSESSIONID = 186a9
# automatic
^F = $(notdir $^)
# default
SUFFIXES := 
# makefile (from `Makefile', line 31)
FLAGS = -Wall -Wextra -Werror
# default
.INCLUDE_DIRS = /usr/local/include
# environment
MAKELEVEL := 0
# makefile (from `Makefile', line 21)
BRED = \033[1;31m
# environment
LANG = C
 
# environment
VSCODE_PID = 447
# variable set hash-table stats:
# Load=81/1024=8%, Rehash=0, Collisions=3/107=3%

# Pattern-specific Variable Values

# No pattern-specific variable values.

# Directories

# . (device 16777226, inode 47402655): 18 files, no impossibilities.

# 18 files, no impossibilities in 1 directories.

# Implicit Rules

# No implicit rules.

# Files

all: push_swap
#  Command-line target.
#  Implicit rule search has been done.
#  File does not exist.
#  File has been updated.
#  Successfully updated.
# variable set hash-table stats:
# Load=0/32=0%, Rehash=0, Collisions=0/0=0%

# Not a target:
.SUFFIXES:
#  Implicit rule search has not been done.
#  Modification time never checked.
#  File has not been updated.

# Not a target:
Makefile:
#  Implicit rule search has been done.
#  Last modified 2021-08-12 11:45:41
#  File has been updated.
#  Successfully updated.
# variable set hash-table stats:
# Load=0/32=0%, Rehash=0, Collisions=0/0=0%

fclean: clean
#  Implicit rule search has not been done.
#  Modification time never checked.
#  File has not been updated.
#  commands to execute (from `Makefile', line 53):
	@echo "$(BWHITE)Removing object-files and binary-files...$(OFF)"
	@$(RM) $(NAME)
	@cd libft && $(MAKE) fclean
	@echo "$(BGREEN)Fclean done.$(OFF)"
	

# Not a target:
.DEFAULT:
#  Implicit rule search has not been done.
#  Modification time never checked.
#  File has not been updated.

re: fclean all
#  Implicit rule search has not been done.
#  Modification time never checked.
#  File has not been updated.

clean:
#  Implicit rule search has not been done.
#  Modification time never checked.
#  File has not been updated.
#  commands to execute (from `Makefile', line 47):
	@echo "$(BWHITE)Removing object-files...$(OFF)"
	@$(RM) $(OBJ)
	@cd libft && $(MAKE) clean
	@echo "$(BGREEN)Clean done.$(OFF)"
	

push_swap:
#  Implicit rule search has not been done.
#  Last modified 2021-08-12 12:09:51
#  File has been updated.
#  Successfully updated.
#  commands to execute (from `Makefile', line 37):
	@echo "$(BWHITE)Compiling libraries...$(OFF)"
	@${MAKE} -C libft
	@echo "$(BGREEN)Libraries done.$(OFF)"
	@echo "$(BWHITE)Compiling push_swap...$(OFF)"
	@$(CC) $(FLAGS) -c $(SRCS) -I$(HEADERS)
	@$(CC) $(FLAGS) -o $(NAME) $(OBJ) $(LIBFT)
	@echo "$(BGREEN)push_swap build completed.$(OFF)"
	

# files hash-table stats:
# Load=8/1024=1%, Rehash=0, Collisions=0/25=0%
# VPATH Search Paths

# No `vpath' search paths.

# No general (`VPATH' variable) search path.

# # of strings in strcache: 1
# # of strcache buffers: 1
# strcache size: total = 4096 / max = 4096 / min = 4096 / avg = 4096
# strcache free: total = 4087 / max = 4087 / min = 4087 / avg = 4087

# Finished Make data base on Thu Aug 12 12:12:45 2021

 
